<?xml version="1.0" encoding="utf-8"?>
<coverage line-rate="0.0675" branch-rate="0.061799999999999994" version="1.9" timestamp="1764463202" lines-covered="49" lines-valid="725" branches-covered="24" branches-valid="388">
  <sources>
    <source>/Users/arvidt/Development/USN/TSD2640/Prosjekt/KunstButikken-asp/</source>
  </sources>
  <packages>
    <package name="KunstButikken.AppHost" line-rate="0.0802" branch-rate="0.058499999999999996" complexity="274">
      <classes>
        <class name="Program" filename="KunstButikken.AppHost/KunstButikken.AppHost/AppHost.cs" line-rate="0" branch-rate="1" complexity="1">
          <methods>
            <method name="&lt;Main&gt;$" signature="(System.String[])" line-rate="0" branch-rate="1" complexity="1">
              <lines>
                <line number="6" hits="0" branch="False" />
                <line number="9" hits="0" branch="False" />
                <line number="12" hits="0" branch="False" />
                <line number="15" hits="0" branch="False" />
                <line number="16" hits="0" branch="False" />
                <line number="17" hits="0" branch="False" />
                <line number="18" hits="0" branch="False" />
                <line number="19" hits="0" branch="False" />
                <line number="20" hits="0" branch="False" />
                <line number="21" hits="0" branch="False" />
                <line number="22" hits="0" branch="False" />
                <line number="23" hits="0" branch="False" />
                <line number="24" hits="0" branch="False" />
                <line number="27" hits="0" branch="False" />
                <line number="30" hits="0" branch="False" />
                <line number="31" hits="0" branch="False" />
                <line number="32" hits="0" branch="False" />
              </lines>
            </method>
          </methods>
          <lines>
            <line number="6" hits="0" branch="False" />
            <line number="9" hits="0" branch="False" />
            <line number="12" hits="0" branch="False" />
            <line number="15" hits="0" branch="False" />
            <line number="16" hits="0" branch="False" />
            <line number="17" hits="0" branch="False" />
            <line number="18" hits="0" branch="False" />
            <line number="19" hits="0" branch="False" />
            <line number="20" hits="0" branch="False" />
            <line number="21" hits="0" branch="False" />
            <line number="22" hits="0" branch="False" />
            <line number="23" hits="0" branch="False" />
            <line number="24" hits="0" branch="False" />
            <line number="27" hits="0" branch="False" />
            <line number="30" hits="0" branch="False" />
            <line number="31" hits="0" branch="False" />
            <line number="32" hits="0" branch="False" />
          </lines>
        </class>
        <class name="KunstButikken.AppHost.AppHostHelpers" filename="KunstButikken.AppHost/KunstButikken.AppHost/AppHostHelpers.cs" line-rate="0.2954" branch-rate="0.2343" complexity="65">
          <methods>
            <method name="FindRepoRoot" signature="()" line-rate="0.42100000000000004" branch-rate="0.25" complexity="16">
              <lines>
                <line number="19" hits="1" branch="True" condition-coverage="50% (1/2)">
                  <conditions>
                    <condition number="6" type="jump" coverage="50%" />
                  </conditions>
                </line>
                <line number="20" hits="1" branch="True" condition-coverage="50% (1/2)">
                  <conditions>
                    <condition number="56" type="jump" coverage="50%" />
                  </conditions>
                </line>
                <line number="21" hits="2" branch="False" />
                <line number="22" hits="1" branch="True" condition-coverage="50% (1/2)">
                  <conditions>
                    <condition number="74" type="jump" coverage="50%" />
                  </conditions>
                </line>
                <line number="24" hits="0" branch="False" />
                <line number="27" hits="1" branch="False" />
                <line number="28" hits="1" branch="True" condition-coverage="50% (1/2)">
                  <conditions>
                    <condition number="100" type="jump" coverage="50%" />
                  </conditions>
                </line>
                <line number="30" hits="1" branch="False" />
                <line number="33" hits="0" branch="False" />
                <line number="34" hits="0" branch="True" condition-coverage="0% (0/4)">
                  <conditions>
                    <condition number="195" type="jump" coverage="0%" />
                    <condition number="192" type="jump" coverage="0%" />
                  </conditions>
                </line>
                <line number="36" hits="0" branch="True" condition-coverage="0% (0/4)">
                  <conditions>
                    <condition number="146" type="jump" coverage="0%" />
                    <condition number="165" type="jump" coverage="0%" />
                  </conditions>
                </line>
                <line number="37" hits="0" branch="False" />
                <line number="39" hits="0" branch="False" />
                <line number="41" hits="0" branch="False" />
                <line number="44" hits="0" branch="False" />
                <line number="46" hits="0" branch="False" />
                <line number="48" hits="0" branch="False" />
                <line number="49" hits="0" branch="False" />
                <line number="51" hits="1" branch="False" />
              </lines>
            </method>
            <method name="TryRegisterMcpServer" signature="(System.Object)" line-rate="0.5714" branch-rate="0.6" complexity="10">
              <lines>
                <line number="58" hits="4" branch="True" condition-coverage="50% (1/2)">
                  <conditions>
                    <condition number="1" type="jump" coverage="50%" />
                  </conditions>
                </line>
                <line number="60" hits="0" branch="False" />
                <line number="61" hits="0" branch="False" />
                <line number="64" hits="4" branch="False" />
                <line number="65" hits="4" branch="True" condition-coverage="100% (2/2)">
                  <conditions>
                    <condition number="39" type="jump" coverage="100%" />
                  </conditions>
                </line>
                <line number="67" hits="1" branch="False" />
                <line number="68" hits="1" branch="False" />
                <line number="71" hits="3" branch="False" />
                <line number="72" hits="3" branch="True" condition-coverage="100% (2/2)">
                  <conditions>
                    <condition number="67" type="jump" coverage="100%" />
                  </conditions>
                </line>
                <line number="74" hits="1" branch="False" />
                <line number="75" hits="1" branch="False" />
                <line number="79" hits="2" branch="True" condition-coverage="50% (1/2)">
                  <conditions>
                    <condition number="87" type="jump" coverage="50%" />
                  </conditions>
                </line>
                <line number="81" hits="2" branch="False" />
                <line number="85" hits="0" branch="True" condition-coverage="0% (0/2)">
                  <conditions>
                    <condition number="98" type="jump" coverage="0%" />
                  </conditions>
                </line>
                <line number="87" hits="0" branch="False" />
                <line number="90" hits="0" branch="False" />
                <line number="91" hits="0" branch="False" />
                <line number="92" hits="0" branch="False" />
                <line number="94" hits="0" branch="False" />
                <line number="95" hits="0" branch="False" />
                <line number="96" hits="4" branch="False" />
              </lines>
            </method>
            <method name="TryRegisterMcpServer_StrongTyped" signature="(Microsoft.Extensions.DependencyInjection.IServiceCollection)" line-rate="0.5454" branch-rate="1" complexity="1">
              <lines>
                <line number="104" hits="2" branch="False" />
                <line number="107" hits="2" branch="False" />
                <line number="108" hits="2" branch="False" />
                <line number="109" hits="0" branch="False" />
                <line number="111" hits="0" branch="False" />
                <line number="112" hits="0" branch="False" />
                <line number="113" hits="2" branch="False" />
                <line number="114" hits="2" branch="False" />
                <line number="116" hits="0" branch="False" />
                <line number="118" hits="0" branch="False" />
                <line number="120" hits="2" branch="False" />
              </lines>
            </method>
            <method name="TryRegisterMcpServer_Reflective" signature="(System.Object,Microsoft.Extensions.DependencyInjection.IServiceCollection)" line-rate="0" branch-rate="0" complexity="24">
              <lines>
                <line number="126" hits="0" branch="False" />
                <line number="127" hits="0" branch="True" condition-coverage="0% (0/2)">
                  <conditions>
                    <condition number="691" type="jump" coverage="0%" />
                  </conditions>
                </line>
                <line number="131" hits="0" branch="False" />
                <line number="132" hits="0" branch="False" />
                <line number="133" hits="0" branch="True" condition-coverage="0% (0/2)">
                  <conditions>
                    <condition number="673" type="jump" coverage="0%" />
                  </conditions>
                </line>
                <line number="135" hits="0" branch="True" condition-coverage="0% (0/4)">
                  <conditions>
                    <condition number="96" type="jump" coverage="0%" />
                    <condition number="108" type="jump" coverage="0%" />
                  </conditions>
                </line>
                <line number="140" hits="0" branch="False" />
                <line number="141" hits="0" branch="True" condition-coverage="0% (0/2)">
                  <conditions>
                    <condition number="657" type="jump" coverage="0%" />
                  </conditions>
                </line>
                <line number="143" hits="0" branch="False" />
                <line number="147" hits="0" branch="True" condition-coverage="0% (0/4)">
                  <conditions>
                    <condition number="153" type="jump" coverage="0%" />
                    <condition number="183" type="jump" coverage="0%" />
                  </conditions>
                </line>
                <line number="149" hits="0" branch="False" />
                <line number="150" hits="0" branch="False" />
                <line number="151" hits="0" branch="False" />
                <line number="153" hits="0" branch="True" condition-coverage="0% (0/4)">
                  <conditions>
                    <condition number="297" type="jump" coverage="0%" />
                    <condition number="327" type="jump" coverage="0%" />
                  </conditions>
                </line>
                <line number="155" hits="0" branch="False" />
                <line number="156" hits="0" branch="False" />
                <line number="157" hits="0" branch="False" />
                <line number="159" hits="0" branch="True" condition-coverage="0% (0/4)">
                  <conditions>
                    <condition number="441" type="jump" coverage="0%" />
                    <condition number="471" type="jump" coverage="0%" />
                  </conditions>
                </line>
                <line number="162" hits="0" branch="True" condition-coverage="0% (0/2)">
                  <conditions>
                    <condition number="481" type="jump" coverage="0%" />
                  </conditions>
                </line>
                <line number="164" hits="0" branch="False" />
                <line number="168" hits="0" branch="False" />
                <line number="170" hits="0" branch="False" />
                <line number="171" hits="0" branch="False" />
                <line number="172" hits="0" branch="False" />
                <line number="175" hits="0" branch="False" />
                <line number="176" hits="0" branch="False" />
                <line number="178" hits="0" branch="False" />
                <line number="179" hits="0" branch="False" />
                <line number="182" hits="0" branch="False" />
                <line number="183" hits="0" branch="False" />
                <line number="186" hits="0" branch="False" />
                <line number="189" hits="0" branch="False" />
                <line number="190" hits="0" branch="False" />
              </lines>
            </method>
            <method name="PropagateCors" signature="(System.Collections.Generic.IEnumerable`1&lt;Aspire.Hosting.ApplicationModel.IResourceBuilder`1&lt;Aspire.Hosting.ApplicationModel.IResourceWithEndpoints&gt;&gt;,System.Collections.Generic.IEnumerable`1&lt;Aspire.Hosting.ApplicationModel.IResourceBuilder`1&lt;Aspire.Hosting.ApplicationModel.IResourceWithEnvironment&gt;&gt;)" line-rate="0" branch-rate="0" complexity="2">
              <lines>
                <line number="198" hits="0" branch="False" />
                <line number="199" hits="0" branch="False" />
                <line number="200" hits="0" branch="False" />
                <line number="201" hits="0" branch="False" />
                <line number="202" hits="0" branch="False" />
                <line number="203" hits="0" branch="True" condition-coverage="0% (0/2)">
                  <conditions>
                    <condition number="127" type="jump" coverage="0%" />
                  </conditions>
                </line>
                <line number="205" hits="0" branch="False" />
                <line number="207" hits="0" branch="False" />
                <line number="208" hits="0" branch="False" />
                <line number="210" hits="0" branch="False" />
                <line number="211" hits="0" branch="False" />
                <line number="212" hits="0" branch="False" />
              </lines>
            </method>
            <method name="PropagateCors" signature="(System.Collections.Generic.IEnumerable`1&lt;System.Object&gt;,System.Collections.Generic.IEnumerable`1&lt;System.Object&gt;)" line-rate="0.3611" branch-rate="0.41659999999999997" complexity="12">
              <lines>
                <line number="220" hits="1" branch="False" />
                <line number="221" hits="2" branch="False" />
                <line number="222" hits="2" branch="False" />
                <line number="223" hits="1" branch="False" />
                <line number="224" hits="1" branch="False" />
                <line number="226" hits="6" branch="True" condition-coverage="100% (2/2)">
                  <conditions>
                    <condition number="436" type="jump" coverage="100%" />
                  </conditions>
                </line>
                <line number="228" hits="2" branch="True" condition-coverage="100% (2/2)">
                  <conditions>
                    <condition number="104" type="jump" coverage="100%" />
                  </conditions>
                </line>
                <line number="231" hits="2" branch="False" />
                <line number="232" hits="2" branch="True" condition-coverage="50% (1/2)">
                  <conditions>
                    <condition number="165" type="jump" coverage="50%" />
                  </conditions>
                </line>
                <line number="236" hits="2" branch="False" />
                <line number="237" hits="2" branch="False" />
                <line number="239" hits="0" branch="False" />
                <line number="241" hits="0" branch="False" />
                <line number="242" hits="0" branch="False" />
                <line number="246" hits="0" branch="False" />
                <line number="247" hits="0" branch="True" condition-coverage="0% (0/2)">
                  <conditions>
                    <condition number="260" type="jump" coverage="0%" />
                  </conditions>
                </line>
                <line number="251" hits="0" branch="False" />
                <line number="252" hits="0" branch="True" condition-coverage="0% (0/2)">
                  <conditions>
                    <condition number="279" type="jump" coverage="0%" />
                  </conditions>
                </line>
                <line number="254" hits="0" branch="False" />
                <line number="255" hits="0" branch="False" />
                <line number="257" hits="0" branch="False" />
                <line number="258" hits="0" branch="False" />
                <line number="260" hits="0" branch="False" />
                <line number="261" hits="0" branch="False" />
                <line number="267" hits="0" branch="False" />
                <line number="268" hits="0" branch="True" condition-coverage="0% (0/2)">
                  <conditions>
                    <condition number="363" type="jump" coverage="0%" />
                  </conditions>
                </line>
                <line number="270" hits="0" branch="False" />
                <line number="272" hits="0" branch="False" />
                <line number="273" hits="0" branch="False" />
                <line number="275" hits="0" branch="False" />
                <line number="276" hits="0" branch="False" />
                <line number="278" hits="1" branch="False" />
                <line number="279" hits="0" branch="False" />
                <line number="281" hits="0" branch="False" />
                <line number="282" hits="0" branch="False" />
                <line number="283" hits="1" branch="False" />
              </lines>
            </method>
          </methods>
          <lines>
            <line number="19" hits="1" branch="True" condition-coverage="50% (1/2)">
              <conditions>
                <condition number="6" type="jump" coverage="50%" />
              </conditions>
            </line>
            <line number="20" hits="1" branch="True" condition-coverage="50% (1/2)">
              <conditions>
                <condition number="56" type="jump" coverage="50%" />
              </conditions>
            </line>
            <line number="21" hits="2" branch="False" />
            <line number="22" hits="1" branch="True" condition-coverage="50% (1/2)">
              <conditions>
                <condition number="74" type="jump" coverage="50%" />
              </conditions>
            </line>
            <line number="24" hits="0" branch="False" />
            <line number="27" hits="1" branch="False" />
            <line number="28" hits="1" branch="True" condition-coverage="50% (1/2)">
              <conditions>
                <condition number="100" type="jump" coverage="50%" />
              </conditions>
            </line>
            <line number="30" hits="1" branch="False" />
            <line number="33" hits="0" branch="False" />
            <line number="34" hits="0" branch="True" condition-coverage="0% (0/4)">
              <conditions>
                <condition number="195" type="jump" coverage="0%" />
                <condition number="192" type="jump" coverage="0%" />
              </conditions>
            </line>
            <line number="36" hits="0" branch="True" condition-coverage="0% (0/4)">
              <conditions>
                <condition number="146" type="jump" coverage="0%" />
                <condition number="165" type="jump" coverage="0%" />
              </conditions>
            </line>
            <line number="37" hits="0" branch="False" />
            <line number="39" hits="0" branch="False" />
            <line number="41" hits="0" branch="False" />
            <line number="44" hits="0" branch="False" />
            <line number="46" hits="0" branch="False" />
            <line number="48" hits="0" branch="False" />
            <line number="49" hits="0" branch="False" />
            <line number="51" hits="1" branch="False" />
            <line number="58" hits="4" branch="True" condition-coverage="50% (1/2)">
              <conditions>
                <condition number="1" type="jump" coverage="50%" />
              </conditions>
            </line>
            <line number="60" hits="0" branch="False" />
            <line number="61" hits="0" branch="False" />
            <line number="64" hits="4" branch="False" />
            <line number="65" hits="4" branch="True" condition-coverage="100% (2/2)">
              <conditions>
                <condition number="39" type="jump" coverage="100%" />
              </conditions>
            </line>
            <line number="67" hits="1" branch="False" />
            <line number="68" hits="1" branch="False" />
            <line number="71" hits="3" branch="False" />
            <line number="72" hits="3" branch="True" condition-coverage="100% (2/2)">
              <conditions>
                <condition number="67" type="jump" coverage="100%" />
              </conditions>
            </line>
            <line number="74" hits="1" branch="False" />
            <line number="75" hits="1" branch="False" />
            <line number="79" hits="2" branch="True" condition-coverage="50% (1/2)">
              <conditions>
                <condition number="87" type="jump" coverage="50%" />
              </conditions>
            </line>
            <line number="81" hits="2" branch="False" />
            <line number="85" hits="0" branch="True" condition-coverage="0% (0/2)">
              <conditions>
                <condition number="98" type="jump" coverage="0%" />
              </conditions>
            </line>
            <line number="87" hits="0" branch="False" />
            <line number="90" hits="0" branch="False" />
            <line number="91" hits="0" branch="False" />
            <line number="92" hits="0" branch="False" />
            <line number="94" hits="0" branch="False" />
            <line number="95" hits="0" branch="False" />
            <line number="96" hits="4" branch="False" />
            <line number="104" hits="2" branch="False" />
            <line number="107" hits="2" branch="False" />
            <line number="108" hits="2" branch="False" />
            <line number="109" hits="0" branch="False" />
            <line number="111" hits="0" branch="False" />
            <line number="112" hits="0" branch="False" />
            <line number="113" hits="2" branch="False" />
            <line number="114" hits="2" branch="False" />
            <line number="116" hits="0" branch="False" />
            <line number="118" hits="0" branch="False" />
            <line number="120" hits="2" branch="False" />
            <line number="126" hits="0" branch="False" />
            <line number="127" hits="0" branch="True" condition-coverage="0% (0/2)">
              <conditions>
                <condition number="691" type="jump" coverage="0%" />
              </conditions>
            </line>
            <line number="131" hits="0" branch="False" />
            <line number="132" hits="0" branch="False" />
            <line number="133" hits="0" branch="True" condition-coverage="0% (0/2)">
              <conditions>
                <condition number="673" type="jump" coverage="0%" />
              </conditions>
            </line>
            <line number="135" hits="0" branch="True" condition-coverage="0% (0/4)">
              <conditions>
                <condition number="96" type="jump" coverage="0%" />
                <condition number="108" type="jump" coverage="0%" />
              </conditions>
            </line>
            <line number="140" hits="0" branch="False" />
            <line number="141" hits="0" branch="True" condition-coverage="0% (0/2)">
              <conditions>
                <condition number="657" type="jump" coverage="0%" />
              </conditions>
            </line>
            <line number="143" hits="0" branch="False" />
            <line number="147" hits="0" branch="True" condition-coverage="0% (0/4)">
              <conditions>
                <condition number="153" type="jump" coverage="0%" />
                <condition number="183" type="jump" coverage="0%" />
              </conditions>
            </line>
            <line number="149" hits="0" branch="False" />
            <line number="150" hits="0" branch="False" />
            <line number="151" hits="0" branch="False" />
            <line number="153" hits="0" branch="True" condition-coverage="0% (0/4)">
              <conditions>
                <condition number="297" type="jump" coverage="0%" />
                <condition number="327" type="jump" coverage="0%" />
              </conditions>
            </line>
            <line number="155" hits="0" branch="False" />
            <line number="156" hits="0" branch="False" />
            <line number="157" hits="0" branch="False" />
            <line number="159" hits="0" branch="True" condition-coverage="0% (0/4)">
              <conditions>
                <condition number="441" type="jump" coverage="0%" />
                <condition number="471" type="jump" coverage="0%" />
              </conditions>
            </line>
            <line number="162" hits="0" branch="True" condition-coverage="0% (0/2)">
              <conditions>
                <condition number="481" type="jump" coverage="0%" />
              </conditions>
            </line>
            <line number="164" hits="0" branch="False" />
            <line number="168" hits="0" branch="False" />
            <line number="170" hits="0" branch="False" />
            <line number="171" hits="0" branch="False" />
            <line number="172" hits="0" branch="False" />
            <line number="175" hits="0" branch="False" />
            <line number="176" hits="0" branch="False" />
            <line number="178" hits="0" branch="False" />
            <line number="179" hits="0" branch="False" />
            <line number="182" hits="0" branch="False" />
            <line number="183" hits="0" branch="False" />
            <line number="186" hits="0" branch="False" />
            <line number="189" hits="0" branch="False" />
            <line number="190" hits="0" branch="False" />
            <line number="198" hits="0" branch="False" />
            <line number="199" hits="0" branch="False" />
            <line number="200" hits="0" branch="False" />
            <line number="201" hits="0" branch="False" />
            <line number="202" hits="0" branch="False" />
            <line number="203" hits="0" branch="True" condition-coverage="0% (0/2)">
              <conditions>
                <condition number="127" type="jump" coverage="0%" />
              </conditions>
            </line>
            <line number="205" hits="0" branch="False" />
            <line number="207" hits="0" branch="False" />
            <line number="208" hits="0" branch="False" />
            <line number="210" hits="0" branch="False" />
            <line number="211" hits="0" branch="False" />
            <line number="212" hits="0" branch="False" />
            <line number="220" hits="1" branch="False" />
            <line number="221" hits="2" branch="False" />
            <line number="222" hits="2" branch="False" />
            <line number="223" hits="1" branch="False" />
            <line number="224" hits="1" branch="False" />
            <line number="226" hits="6" branch="True" condition-coverage="100% (2/2)">
              <conditions>
                <condition number="436" type="jump" coverage="100%" />
              </conditions>
            </line>
            <line number="228" hits="2" branch="True" condition-coverage="100% (2/2)">
              <conditions>
                <condition number="104" type="jump" coverage="100%" />
              </conditions>
            </line>
            <line number="231" hits="2" branch="False" />
            <line number="232" hits="2" branch="True" condition-coverage="50% (1/2)">
              <conditions>
                <condition number="165" type="jump" coverage="50%" />
              </conditions>
            </line>
            <line number="236" hits="2" branch="False" />
            <line number="237" hits="2" branch="False" />
            <line number="239" hits="0" branch="False" />
            <line number="241" hits="0" branch="False" />
            <line number="242" hits="0" branch="False" />
            <line number="246" hits="0" branch="False" />
            <line number="247" hits="0" branch="True" condition-coverage="0% (0/2)">
              <conditions>
                <condition number="260" type="jump" coverage="0%" />
              </conditions>
            </line>
            <line number="251" hits="0" branch="False" />
            <line number="252" hits="0" branch="True" condition-coverage="0% (0/2)">
              <conditions>
                <condition number="279" type="jump" coverage="0%" />
              </conditions>
            </line>
            <line number="254" hits="0" branch="False" />
            <line number="255" hits="0" branch="False" />
            <line number="257" hits="0" branch="False" />
            <line number="258" hits="0" branch="False" />
            <line number="260" hits="0" branch="False" />
            <line number="261" hits="0" branch="False" />
            <line number="267" hits="0" branch="False" />
            <line number="268" hits="0" branch="True" condition-coverage="0% (0/2)">
              <conditions>
                <condition number="363" type="jump" coverage="0%" />
              </conditions>
            </line>
            <line number="270" hits="0" branch="False" />
            <line number="272" hits="0" branch="False" />
            <line number="273" hits="0" branch="False" />
            <line number="275" hits="0" branch="False" />
            <line number="276" hits="0" branch="False" />
            <line number="278" hits="1" branch="False" />
            <line number="279" hits="0" branch="False" />
            <line number="281" hits="0" branch="False" />
            <line number="282" hits="0" branch="False" />
            <line number="283" hits="1" branch="False" />
          </lines>
        </class>
        <class name="KunstButikken.AppHost.AppCompositionBuilder" filename="KunstButikken.AppHost/KunstButikken.AppHost/Composition.AdminService.cs" line-rate="0" branch-rate="0" complexity="6">
          <methods>
            <method name="BuildAdminService" signature="(Aspire.Hosting.IDistributedApplicationBuilder,Aspire.Hosting.ApplicationModel.IResourceBuilder`1&lt;Aspire.Hosting.ApplicationModel.PostgresDatabaseResource&gt;,Aspire.Hosting.ApplicationModel.IResourceBuilder`1&lt;Aspire.Hosting.ApplicationModel.IResourceWithEnvironment&gt;,Aspire.Hosting.ApplicationModel.IResourceBuilder`1&lt;Aspire.Hosting.ApplicationModel.RabbitMQServerResource&gt;,Aspire.Hosting.ApplicationModel.IResourceBuilder`1&lt;Aspire.Hosting.ApplicationModel.PostgresServerResource&gt;,KunstButikken.AppHost.AppCompositionBuilder/KeycloakSettings)" line-rate="0" branch-rate="0" complexity="6">
              <lines>
                <line number="13" hits="0" branch="True" condition-coverage="0% (0/6)">
                  <conditions>
                    <condition number="73" type="jump" coverage="0%" />
                    <condition number="94" type="jump" coverage="0%" />
                    <condition number="115" type="jump" coverage="0%" />
                  </conditions>
                </line>
                <line number="14" hits="0" branch="False" />
                <line number="15" hits="0" branch="False" />
                <line number="16" hits="0" branch="False" />
                <line number="17" hits="0" branch="False" />
                <line number="18" hits="0" branch="False" />
                <line number="19" hits="0" branch="False" />
                <line number="20" hits="0" branch="False" />
                <line number="21" hits="0" branch="False" />
                <line number="22" hits="0" branch="False" />
                <line number="24" hits="0" branch="False" />
                <line number="25" hits="0" branch="False" />
              </lines>
            </method>
          </methods>
          <lines>
            <line number="13" hits="0" branch="True" condition-coverage="0% (0/6)">
              <conditions>
                <condition number="73" type="jump" coverage="0%" />
                <condition number="94" type="jump" coverage="0%" />
                <condition number="115" type="jump" coverage="0%" />
              </conditions>
            </line>
            <line number="14" hits="0" branch="False" />
            <line number="15" hits="0" branch="False" />
            <line number="16" hits="0" branch="False" />
            <line number="17" hits="0" branch="False" />
            <line number="18" hits="0" branch="False" />
            <line number="19" hits="0" branch="False" />
            <line number="20" hits="0" branch="False" />
            <line number="21" hits="0" branch="False" />
            <line number="22" hits="0" branch="False" />
            <line number="24" hits="0" branch="False" />
            <line number="25" hits="0" branch="False" />
          </lines>
        </class>
        <class name="KunstButikken.AppHost.AppCompositionBuilder" filename="KunstButikken.AppHost/KunstButikken.AppHost/Composition.ArtService.cs" line-rate="0" branch-rate="0" complexity="10">
          <methods>
            <method name="BuildArtService" signature="(Aspire.Hosting.IDistributedApplicationBuilder,Aspire.Hosting.ApplicationModel.IResourceBuilder`1&lt;Aspire.Hosting.ApplicationModel.PostgresDatabaseResource&gt;,Aspire.Hosting.ApplicationModel.IResourceBuilder`1&lt;Aspire.Hosting.ApplicationModel.IResourceWithEnvironment&gt;,Aspire.Hosting.ApplicationModel.IResourceBuilder`1&lt;Aspire.Hosting.ApplicationModel.ContainerResource&gt;,Aspire.Hosting.ApplicationModel.IResourceBuilder`1&lt;Aspire.Hosting.ApplicationModel.RabbitMQServerResource&gt;,Aspire.Hosting.ApplicationModel.IResourceBuilder`1&lt;Aspire.Hosting.ApplicationModel.PostgresServerResource&gt;,System.String,KunstButikken.AppHost.AppCompositionBuilder/KeycloakSettings)" line-rate="0" branch-rate="0" complexity="10">
              <lines>
                <line number="18" hits="0" branch="True" condition-coverage="0% (0/2)">
                  <conditions>
                    <condition number="12" type="jump" coverage="0%" />
                  </conditions>
                </line>
                <line number="19" hits="0" branch="True" condition-coverage="0% (0/8)">
                  <conditions>
                    <condition number="192" type="jump" coverage="0%" />
                    <condition number="213" type="jump" coverage="0%" />
                    <condition number="235" type="jump" coverage="0%" />
                    <condition number="257" type="jump" coverage="0%" />
                  </conditions>
                </line>
                <line number="20" hits="0" branch="False" />
                <line number="21" hits="0" branch="False" />
                <line number="22" hits="0" branch="False" />
                <line number="23" hits="0" branch="False" />
                <line number="24" hits="0" branch="False" />
                <line number="25" hits="0" branch="False" />
                <line number="26" hits="0" branch="False" />
                <line number="27" hits="0" branch="False" />
                <line number="28" hits="0" branch="False" />
                <line number="29" hits="0" branch="False" />
                <line number="30" hits="0" branch="False" />
                <line number="31" hits="0" branch="False" />
                <line number="32" hits="0" branch="False" />
                <line number="33" hits="0" branch="False" />
                <line number="34" hits="0" branch="False" />
                <line number="35" hits="0" branch="False" />
                <line number="37" hits="0" branch="False" />
                <line number="38" hits="0" branch="False" />
              </lines>
            </method>
          </methods>
          <lines>
            <line number="18" hits="0" branch="True" condition-coverage="0% (0/2)">
              <conditions>
                <condition number="12" type="jump" coverage="0%" />
              </conditions>
            </line>
            <line number="19" hits="0" branch="True" condition-coverage="0% (0/8)">
              <conditions>
                <condition number="192" type="jump" coverage="0%" />
                <condition number="213" type="jump" coverage="0%" />
                <condition number="235" type="jump" coverage="0%" />
                <condition number="257" type="jump" coverage="0%" />
              </conditions>
            </line>
            <line number="20" hits="0" branch="False" />
            <line number="21" hits="0" branch="False" />
            <line number="22" hits="0" branch="False" />
            <line number="23" hits="0" branch="False" />
            <line number="24" hits="0" branch="False" />
            <line number="25" hits="0" branch="False" />
            <line number="26" hits="0" branch="False" />
            <line number="27" hits="0" branch="False" />
            <line number="28" hits="0" branch="False" />
            <line number="29" hits="0" branch="False" />
            <line number="30" hits="0" branch="False" />
            <line number="31" hits="0" branch="False" />
            <line number="32" hits="0" branch="False" />
            <line number="33" hits="0" branch="False" />
            <line number="34" hits="0" branch="False" />
            <line number="35" hits="0" branch="False" />
            <line number="37" hits="0" branch="False" />
            <line number="38" hits="0" branch="False" />
          </lines>
        </class>
        <class name="KunstButikken.AppHost.AppCompositionBuilder" filename="KunstButikken.AppHost/KunstButikken.AppHost/Composition.AuctionService.cs" line-rate="0" branch-rate="0" complexity="8">
          <methods>
            <method name="BuildAuctionService" signature="(Aspire.Hosting.IDistributedApplicationBuilder,Aspire.Hosting.ApplicationModel.IResourceBuilder`1&lt;Aspire.Hosting.ApplicationModel.PostgresDatabaseResource&gt;,Aspire.Hosting.ApplicationModel.IResourceBuilder`1&lt;Aspire.Hosting.ApplicationModel.IResourceWithEnvironment&gt;,Aspire.Hosting.ApplicationModel.IResourceBuilder`1&lt;Aspire.Hosting.ApplicationModel.IResourceWithEnvironment&gt;,Aspire.Hosting.ApplicationModel.IResourceBuilder`1&lt;Aspire.Hosting.ApplicationModel.RabbitMQServerResource&gt;,Aspire.Hosting.ApplicationModel.IResourceBuilder`1&lt;Aspire.Hosting.ApplicationModel.PostgresServerResource&gt;,KunstButikken.AppHost.AppCompositionBuilder/KeycloakSettings)" line-rate="0" branch-rate="0" complexity="8">
              <lines>
                <line number="14" hits="0" branch="True" condition-coverage="0% (0/8)">
                  <conditions>
                    <condition number="91" type="jump" coverage="0%" />
                    <condition number="112" type="jump" coverage="0%" />
                    <condition number="133" type="jump" coverage="0%" />
                    <condition number="155" type="jump" coverage="0%" />
                  </conditions>
                </line>
                <line number="15" hits="0" branch="False" />
                <line number="16" hits="0" branch="False" />
                <line number="17" hits="0" branch="False" />
                <line number="18" hits="0" branch="False" />
                <line number="19" hits="0" branch="False" />
                <line number="20" hits="0" branch="False" />
                <line number="21" hits="0" branch="False" />
                <line number="22" hits="0" branch="False" />
                <line number="23" hits="0" branch="False" />
                <line number="24" hits="0" branch="False" />
                <line number="25" hits="0" branch="False" />
                <line number="26" hits="0" branch="False" />
                <line number="28" hits="0" branch="False" />
                <line number="29" hits="0" branch="False" />
              </lines>
            </method>
          </methods>
          <lines>
            <line number="14" hits="0" branch="True" condition-coverage="0% (0/8)">
              <conditions>
                <condition number="91" type="jump" coverage="0%" />
                <condition number="112" type="jump" coverage="0%" />
                <condition number="133" type="jump" coverage="0%" />
                <condition number="155" type="jump" coverage="0%" />
              </conditions>
            </line>
            <line number="15" hits="0" branch="False" />
            <line number="16" hits="0" branch="False" />
            <line number="17" hits="0" branch="False" />
            <line number="18" hits="0" branch="False" />
            <line number="19" hits="0" branch="False" />
            <line number="20" hits="0" branch="False" />
            <line number="21" hits="0" branch="False" />
            <line number="22" hits="0" branch="False" />
            <line number="23" hits="0" branch="False" />
            <line number="24" hits="0" branch="False" />
            <line number="25" hits="0" branch="False" />
            <line number="26" hits="0" branch="False" />
            <line number="28" hits="0" branch="False" />
            <line number="29" hits="0" branch="False" />
          </lines>
        </class>
        <class name="KunstButikken.AppHost.AppCompositionBuilder" filename="KunstButikken.AppHost/KunstButikken.AppHost/Composition.AuthGateway.cs" line-rate="0" branch-rate="0" complexity="12">
          <methods>
            <method name="BuildAuthGateway" signature="(Aspire.Hosting.IDistributedApplicationBuilder,Aspire.Hosting.ApplicationModel.IResourceBuilder`1&lt;Aspire.Hosting.ApplicationModel.KeycloakResource&gt;,Aspire.Hosting.ApplicationModel.IResourceBuilder`1&lt;Aspire.Hosting.ApplicationModel.ProjectResource&gt;,Aspire.Hosting.ApplicationModel.IResourceBuilder`1&lt;Aspire.Hosting.ApplicationModel.ProjectResource&gt;,Aspire.Hosting.ApplicationModel.IResourceBuilder`1&lt;Aspire.Hosting.ApplicationModel.ProjectResource&gt;,Aspire.Hosting.ApplicationModel.IResourceBuilder`1&lt;Aspire.Hosting.ApplicationModel.ProjectResource&gt;,Aspire.Hosting.ApplicationModel.IResourceBuilder`1&lt;Aspire.Hosting.ApplicationModel.ProjectResource&gt;,Aspire.Hosting.ApplicationModel.IResourceBuilder`1&lt;Aspire.Hosting.ApplicationModel.IResourceWithEnvironment&gt;,Aspire.Hosting.ApplicationModel.IResourceBuilder`1&lt;Aspire.Hosting.ApplicationModel.IResourceWithEnvironment&gt;,Aspire.Hosting.ApplicationModel.IResourceBuilder`1&lt;Aspire.Hosting.ApplicationModel.IResourceWithEnvironment&gt;,Aspire.Hosting.ApplicationModel.IResourceBuilder`1&lt;Aspire.Hosting.ApplicationModel.IResourceWithEnvironment&gt;,Aspire.Hosting.ApplicationModel.IResourceBuilder`1&lt;Aspire.Hosting.ApplicationModel.IResourceWithEnvironment&gt;,Aspire.Hosting.ApplicationModel.IResourceBuilder`1&lt;Aspire.Hosting.ApplicationModel.PostgresServerResource&gt;,KunstButikken.AppHost.AppCompositionBuilder/KeycloakSettings)" line-rate="0" branch-rate="0" complexity="12">
              <lines>
                <line number="21" hits="0" branch="True" condition-coverage="0% (0/12)">
                  <conditions>
                    <condition number="89" type="jump" coverage="0%" />
                    <condition number="111" type="jump" coverage="0%" />
                    <condition number="133" type="jump" coverage="0%" />
                    <condition number="155" type="jump" coverage="0%" />
                    <condition number="177" type="jump" coverage="0%" />
                    <condition number="199" type="jump" coverage="0%" />
                  </conditions>
                </line>
                <line number="22" hits="0" branch="False" />
                <line number="23" hits="0" branch="False" />
                <line number="24" hits="0" branch="False" />
                <line number="25" hits="0" branch="False" />
                <line number="26" hits="0" branch="False" />
                <line number="27" hits="0" branch="False" />
                <line number="28" hits="0" branch="False" />
                <line number="29" hits="0" branch="False" />
                <line number="30" hits="0" branch="False" />
                <line number="31" hits="0" branch="False" />
                <line number="32" hits="0" branch="False" />
                <line number="33" hits="0" branch="False" />
                <line number="34" hits="0" branch="False" />
                <line number="35" hits="0" branch="False" />
                <line number="37" hits="0" branch="False" />
                <line number="38" hits="0" branch="False" />
              </lines>
            </method>
          </methods>
          <lines>
            <line number="21" hits="0" branch="True" condition-coverage="0% (0/12)">
              <conditions>
                <condition number="89" type="jump" coverage="0%" />
                <condition number="111" type="jump" coverage="0%" />
                <condition number="133" type="jump" coverage="0%" />
                <condition number="155" type="jump" coverage="0%" />
                <condition number="177" type="jump" coverage="0%" />
                <condition number="199" type="jump" coverage="0%" />
              </conditions>
            </line>
            <line number="22" hits="0" branch="False" />
            <line number="23" hits="0" branch="False" />
            <line number="24" hits="0" branch="False" />
            <line number="25" hits="0" branch="False" />
            <line number="26" hits="0" branch="False" />
            <line number="27" hits="0" branch="False" />
            <line number="28" hits="0" branch="False" />
            <line number="29" hits="0" branch="False" />
            <line number="30" hits="0" branch="False" />
            <line number="31" hits="0" branch="False" />
            <line number="32" hits="0" branch="False" />
            <line number="33" hits="0" branch="False" />
            <line number="34" hits="0" branch="False" />
            <line number="35" hits="0" branch="False" />
            <line number="37" hits="0" branch="False" />
            <line number="38" hits="0" branch="False" />
          </lines>
        </class>
        <class name="KunstButikken.AppHost.AppCompositionBuilder" filename="KunstButikken.AppHost/KunstButikken.AppHost/Composition.cs" line-rate="0" branch-rate="0" complexity="122">
          <methods>
            <method name="Configure" signature="(Aspire.Hosting.IDistributedApplicationBuilder)" line-rate="0" branch-rate="0" complexity="52">
              <lines>
                <line number="25" hits="0" branch="False" />
                <line number="26" hits="0" branch="False" />
                <line number="27" hits="0" branch="False" />
                <line number="28" hits="0" branch="False" />
                <line number="29" hits="0" branch="False" />
                <line number="30" hits="0" branch="False" />
                <line number="33" hits="0" branch="True" condition-coverage="0% (0/2)">
                  <conditions>
                    <condition number="231" type="jump" coverage="0%" />
                  </conditions>
                </line>
                <line number="34" hits="0" branch="True" condition-coverage="0% (0/2)">
                  <conditions>
                    <condition number="284" type="jump" coverage="0%" />
                  </conditions>
                </line>
                <line number="35" hits="0" branch="True" condition-coverage="0% (0/4)">
                  <conditions>
                    <condition number="337" type="jump" coverage="0%" />
                    <condition number="362" type="jump" coverage="0%" />
                  </conditions>
                </line>
                <line number="36" hits="0" branch="False" />
                <line number="37" hits="0" branch="False" />
                <line number="38" hits="0" branch="False" />
                <line number="41" hits="0" branch="True" condition-coverage="0% (0/2)">
                  <conditions>
                    <condition number="443" type="jump" coverage="0%" />
                  </conditions>
                </line>
                <line number="42" hits="0" branch="False" />
                <line number="43" hits="0" branch="False" />
                <line number="44" hits="0" branch="False" />
                <line number="45" hits="0" branch="False" />
                <line number="46" hits="0" branch="False" />
                <line number="48" hits="0" branch="False" />
                <line number="52" hits="0" branch="True" condition-coverage="0% (0/2)">
                  <conditions>
                    <condition number="654" type="jump" coverage="0%" />
                  </conditions>
                </line>
                <line number="53" hits="0" branch="True" condition-coverage="0% (0/2)">
                  <conditions>
                    <condition number="691" type="jump" coverage="0%" />
                  </conditions>
                </line>
                <line number="55" hits="0" branch="True" condition-coverage="0% (0/2)">
                  <conditions>
                    <condition number="728" type="jump" coverage="0%" />
                  </conditions>
                </line>
                <line number="56" hits="0" branch="True" condition-coverage="0% (0/2)">
                  <conditions>
                    <condition number="765" type="jump" coverage="0%" />
                  </conditions>
                </line>
                <line number="58" hits="0" branch="False" />
                <line number="59" hits="0" branch="False" />
                <line number="61" hits="0" branch="False" />
                <line number="62" hits="0" branch="False" />
                <line number="63" hits="0" branch="False" />
                <line number="64" hits="0" branch="False" />
                <line number="65" hits="0" branch="False" />
                <line number="66" hits="0" branch="False" />
                <line number="68" hits="0" branch="False" />
                <line number="69" hits="0" branch="True" condition-coverage="0% (0/2)">
                  <conditions>
                    <condition number="966" type="jump" coverage="0%" />
                  </conditions>
                </line>
                <line number="70" hits="0" branch="True" condition-coverage="0% (0/2)">
                  <conditions>
                    <condition number="1008" type="jump" coverage="0%" />
                  </conditions>
                </line>
                <line number="71" hits="0" branch="False" />
                <line number="72" hits="0" branch="False" />
                <line number="73" hits="0" branch="True" condition-coverage="0% (0/2)">
                  <conditions>
                    <condition number="1086" type="jump" coverage="0%" />
                  </conditions>
                </line>
                <line number="74" hits="0" branch="False" />
                <line number="75" hits="0" branch="False" />
                <line number="76" hits="0" branch="False" />
                <line number="77" hits="0" branch="False" />
                <line number="78" hits="0" branch="False" />
                <line number="79" hits="0" branch="False" />
                <line number="82" hits="0" branch="False" />
                <line number="200" hits="0" branch="False" />
                <line number="201" hits="0" branch="False" />
                <line number="202" hits="0" branch="False" />
                <line number="203" hits="0" branch="False" />
                <line number="204" hits="0" branch="False" />
                <line number="205" hits="0" branch="False" />
                <line number="206" hits="0" branch="False" />
                <line number="209" hits="0" branch="True" condition-coverage="0% (0/2)">
                  <conditions>
                    <condition number="1202" type="jump" coverage="0%" />
                  </conditions>
                </line>
                <line number="211" hits="0" branch="False" />
                <line number="213" hits="0" branch="True" condition-coverage="0% (0/2)">
                  <conditions>
                    <condition number="1221" type="jump" coverage="0%" />
                  </conditions>
                </line>
                <line number="215" hits="0" branch="False" />
                <line number="217" hits="0" branch="True" condition-coverage="0% (0/2)">
                  <conditions>
                    <condition number="1240" type="jump" coverage="0%" />
                  </conditions>
                </line>
                <line number="219" hits="0" branch="False" />
                <line number="221" hits="0" branch="True" condition-coverage="0% (0/2)">
                  <conditions>
                    <condition number="1259" type="jump" coverage="0%" />
                  </conditions>
                </line>
                <line number="223" hits="0" branch="False" />
                <line number="225" hits="0" branch="True" condition-coverage="0% (0/2)">
                  <conditions>
                    <condition number="1278" type="jump" coverage="0%" />
                  </conditions>
                </line>
                <line number="227" hits="0" branch="False" />
                <line number="229" hits="0" branch="True" condition-coverage="0% (0/2)">
                  <conditions>
                    <condition number="1297" type="jump" coverage="0%" />
                  </conditions>
                </line>
                <line number="231" hits="0" branch="False" />
                <line number="233" hits="0" branch="True" condition-coverage="0% (0/2)">
                  <conditions>
                    <condition number="1316" type="jump" coverage="0%" />
                  </conditions>
                </line>
                <line number="235" hits="0" branch="False" />
                <line number="237" hits="0" branch="True" condition-coverage="0% (0/2)">
                  <conditions>
                    <condition number="1335" type="jump" coverage="0%" />
                  </conditions>
                </line>
                <line number="239" hits="0" branch="False" />
                <line number="246" hits="0" branch="False" />
                <line number="247" hits="0" branch="True" condition-coverage="0% (0/2)">
                  <conditions>
                    <condition number="1395" type="jump" coverage="0%" />
                  </conditions>
                </line>
                <line number="250" hits="0" branch="True" condition-coverage="0% (0/2)">
                  <conditions>
                    <condition number="1403" type="jump" coverage="0%" />
                  </conditions>
                </line>
                <line number="252" hits="0" branch="False" />
                <line number="254" hits="0" branch="True" condition-coverage="0% (0/2)">
                  <conditions>
                    <condition number="1426" type="jump" coverage="0%" />
                  </conditions>
                </line>
                <line number="256" hits="0" branch="False" />
                <line number="258" hits="0" branch="True" condition-coverage="0% (0/2)">
                  <conditions>
                    <condition number="1449" type="jump" coverage="0%" />
                  </conditions>
                </line>
                <line number="260" hits="0" branch="False" />
                <line number="262" hits="0" branch="True" condition-coverage="0% (0/2)">
                  <conditions>
                    <condition number="1472" type="jump" coverage="0%" />
                  </conditions>
                </line>
                <line number="264" hits="0" branch="False" />
                <line number="266" hits="0" branch="True" condition-coverage="0% (0/2)">
                  <conditions>
                    <condition number="1495" type="jump" coverage="0%" />
                  </conditions>
                </line>
                <line number="268" hits="0" branch="False" />
                <line number="270" hits="0" branch="False" />
                <line number="272" hits="0" branch="False" />
                <line number="273" hits="0" branch="False" />
                <line number="276" hits="0" branch="False" />
                <line number="277" hits="0" branch="False" />
                <line number="279" hits="0" branch="False" />
                <line number="280" hits="0" branch="False" />
                <line number="281" hits="0" branch="False" />
                <line number="282" hits="0" branch="False" />
                <line number="283" hits="0" branch="False" />
                <line number="284" hits="0" branch="False" />
                <line number="285" hits="0" branch="False" />
                <line number="286" hits="0" branch="False" />
                <line number="287" hits="0" branch="False" />
                <line number="288" hits="0" branch="False" />
              </lines>
            </method>
            <method name="ApplyKeycloakEnvironment" signature="(Aspire.Hosting.ApplicationModel.IResourceBuilder`1&lt;T&gt;,KunstButikken.AppHost.AppCompositionBuilder/KeycloakSettings)" line-rate="0" branch-rate="0" complexity="10">
              <lines>
                <line number="294" hits="0" branch="True" condition-coverage="0% (0/2)">
                  <conditions>
                    <condition number="11" type="jump" coverage="0%" />
                  </conditions>
                </line>
                <line number="296" hits="0" branch="False" />
                <line number="299" hits="0" branch="True" condition-coverage="0% (0/2)">
                  <conditions>
                    <condition number="43" type="jump" coverage="0%" />
                  </conditions>
                </line>
                <line number="301" hits="0" branch="False" />
                <line number="304" hits="0" branch="True" condition-coverage="0% (0/2)">
                  <conditions>
                    <condition number="75" type="jump" coverage="0%" />
                  </conditions>
                </line>
                <line number="306" hits="0" branch="False" />
                <line number="309" hits="0" branch="True" condition-coverage="0% (0/2)">
                  <conditions>
                    <condition number="107" type="jump" coverage="0%" />
                  </conditions>
                </line>
                <line number="311" hits="0" branch="False" />
                <line number="314" hits="0" branch="True" condition-coverage="0% (0/2)">
                  <conditions>
                    <condition number="139" type="jump" coverage="0%" />
                  </conditions>
                </line>
                <line number="316" hits="0" branch="False" />
                <line number="319" hits="0" branch="False" />
              </lines>
            </method>
            <method name="&lt;Configure&gt;g__SetupUserService|4_1" signature="(KunstButikken.AppHost.AppCompositionBuilder/&lt;&gt;c__DisplayClass4_0&amp;)" line-rate="0" branch-rate="0" complexity="4">
              <lines>
                <line number="105" hits="0" branch="True" condition-coverage="0% (0/4)">
                  <conditions>
                    <condition number="19" type="jump" coverage="0%" />
                    <condition number="40" type="jump" coverage="0%" />
                  </conditions>
                </line>
                <line number="106" hits="0" branch="False" />
                <line number="107" hits="0" branch="False" />
                <line number="108" hits="0" branch="False" />
                <line number="109" hits="0" branch="False" />
                <line number="110" hits="0" branch="False" />
                <line number="111" hits="0" branch="False" />
                <line number="112" hits="0" branch="False" />
                <line number="113" hits="0" branch="False" />
                <line number="114" hits="0" branch="False" />
                <line number="115" hits="0" branch="False" />
              </lines>
            </method>
            <method name="&lt;Configure&gt;g__SetupArtService|4_2" signature="(KunstButikken.AppHost.AppCompositionBuilder/&lt;&gt;c__DisplayClass4_0&amp;)" line-rate="0" branch-rate="0" complexity="8">
              <lines>
                <line number="119" hits="0" branch="True" condition-coverage="0% (0/8)">
                  <conditions>
                    <condition number="19" type="jump" coverage="0%" />
                    <condition number="40" type="jump" coverage="0%" />
                    <condition number="61" type="jump" coverage="0%" />
                    <condition number="82" type="jump" coverage="0%" />
                  </conditions>
                </line>
                <line number="120" hits="0" branch="False" />
                <line number="121" hits="0" branch="False" />
                <line number="122" hits="0" branch="False" />
                <line number="123" hits="0" branch="False" />
                <line number="124" hits="0" branch="False" />
                <line number="125" hits="0" branch="False" />
                <line number="126" hits="0" branch="False" />
                <line number="127" hits="0" branch="False" />
                <line number="128" hits="0" branch="False" />
              </lines>
            </method>
            <method name="&lt;Configure&gt;g__SetupAuctionService|4_3" signature="(KunstButikken.AppHost.AppCompositionBuilder/&lt;&gt;c__DisplayClass4_0&amp;)" line-rate="0" branch-rate="0" complexity="8">
              <lines>
                <line number="132" hits="0" branch="True" condition-coverage="0% (0/8)">
                  <conditions>
                    <condition number="19" type="jump" coverage="0%" />
                    <condition number="40" type="jump" coverage="0%" />
                    <condition number="61" type="jump" coverage="0%" />
                    <condition number="82" type="jump" coverage="0%" />
                  </conditions>
                </line>
                <line number="133" hits="0" branch="False" />
                <line number="134" hits="0" branch="False" />
                <line number="135" hits="0" branch="False" />
                <line number="136" hits="0" branch="False" />
                <line number="137" hits="0" branch="False" />
                <line number="138" hits="0" branch="False" />
                <line number="139" hits="0" branch="False" />
                <line number="140" hits="0" branch="False" />
              </lines>
            </method>
            <method name="&lt;Configure&gt;g__SetupPaymentService|4_4" signature="(KunstButikken.AppHost.AppCompositionBuilder/&lt;&gt;c__DisplayClass4_0&amp;)" line-rate="0" branch-rate="0" complexity="4">
              <lines>
                <line number="144" hits="0" branch="True" condition-coverage="0% (0/4)">
                  <conditions>
                    <condition number="19" type="jump" coverage="0%" />
                    <condition number="40" type="jump" coverage="0%" />
                  </conditions>
                </line>
                <line number="145" hits="0" branch="False" />
                <line number="146" hits="0" branch="False" />
                <line number="147" hits="0" branch="False" />
                <line number="148" hits="0" branch="False" />
                <line number="149" hits="0" branch="False" />
                <line number="150" hits="0" branch="False" />
                <line number="151" hits="0" branch="False" />
                <line number="152" hits="0" branch="False" />
              </lines>
            </method>
            <method name="&lt;Configure&gt;g__SetupAdminService|4_5" signature="(KunstButikken.AppHost.AppCompositionBuilder/&lt;&gt;c__DisplayClass4_0&amp;)" line-rate="0" branch-rate="0" complexity="6">
              <lines>
                <line number="156" hits="0" branch="True" condition-coverage="0% (0/6)">
                  <conditions>
                    <condition number="19" type="jump" coverage="0%" />
                    <condition number="40" type="jump" coverage="0%" />
                    <condition number="61" type="jump" coverage="0%" />
                  </conditions>
                </line>
                <line number="157" hits="0" branch="False" />
                <line number="158" hits="0" branch="False" />
                <line number="159" hits="0" branch="False" />
                <line number="160" hits="0" branch="False" />
                <line number="161" hits="0" branch="False" />
                <line number="162" hits="0" branch="False" />
                <line number="163" hits="0" branch="False" />
              </lines>
            </method>
            <method name="&lt;Configure&gt;g__SetupAuthGateway|4_6" signature="(KunstButikken.AppHost.AppCompositionBuilder/&lt;&gt;c__DisplayClass4_0&amp;)" line-rate="0" branch-rate="0" complexity="24">
              <lines>
                <line number="167" hits="0" branch="True" condition-coverage="0% (0/24)">
                  <conditions>
                    <condition number="14" type="jump" coverage="0%" />
                    <condition number="35" type="jump" coverage="0%" />
                    <condition number="56" type="jump" coverage="0%" />
                    <condition number="77" type="jump" coverage="0%" />
                    <condition number="98" type="jump" coverage="0%" />
                    <condition number="119" type="jump" coverage="0%" />
                    <condition number="140" type="jump" coverage="0%" />
                    <condition number="161" type="jump" coverage="0%" />
                    <condition number="182" type="jump" coverage="0%" />
                    <condition number="203" type="jump" coverage="0%" />
                    <condition number="224" type="jump" coverage="0%" />
                    <condition number="245" type="jump" coverage="0%" />
                  </conditions>
                </line>
                <line number="168" hits="0" branch="False" />
                <line number="169" hits="0" branch="False" />
                <line number="170" hits="0" branch="False" />
                <line number="171" hits="0" branch="False" />
                <line number="172" hits="0" branch="False" />
                <line number="173" hits="0" branch="False" />
                <line number="174" hits="0" branch="False" />
                <line number="175" hits="0" branch="False" />
                <line number="176" hits="0" branch="False" />
                <line number="177" hits="0" branch="False" />
                <line number="178" hits="0" branch="False" />
                <line number="179" hits="0" branch="False" />
                <line number="180" hits="0" branch="False" />
                <line number="181" hits="0" branch="False" />
                <line number="182" hits="0" branch="False" />
              </lines>
            </method>
            <method name="&lt;Configure&gt;g__SetupFrontends|4_7" signature="(KunstButikken.AppHost.AppCompositionBuilder/&lt;&gt;c__DisplayClass4_0&amp;)" line-rate="0" branch-rate="0" complexity="6">
              <lines>
                <line number="186" hits="0" branch="True" condition-coverage="0% (0/6)">
                  <conditions>
                    <condition number="54" type="jump" coverage="0%" />
                    <condition number="75" type="jump" coverage="0%" />
                    <condition number="96" type="jump" coverage="0%" />
                  </conditions>
                </line>
                <line number="187" hits="0" branch="False" />
                <line number="188" hits="0" branch="False" />
                <line number="189" hits="0" branch="False" />
                <line number="190" hits="0" branch="False" />
                <line number="191" hits="0" branch="False" />
                <line number="192" hits="0" branch="False" />
                <line number="193" hits="0" branch="False" />
                <line number="194" hits="0" branch="False" />
                <line number="195" hits="0" branch="False" />
                <line number="196" hits="0" branch="False" />
                <line number="197" hits="0" branch="False" />
                <line number="198" hits="0" branch="False" />
              </lines>
            </method>
          </methods>
          <lines>
            <line number="25" hits="0" branch="False" />
            <line number="26" hits="0" branch="False" />
            <line number="27" hits="0" branch="False" />
            <line number="28" hits="0" branch="False" />
            <line number="29" hits="0" branch="False" />
            <line number="30" hits="0" branch="False" />
            <line number="33" hits="0" branch="True" condition-coverage="0% (0/2)">
              <conditions>
                <condition number="231" type="jump" coverage="0%" />
              </conditions>
            </line>
            <line number="34" hits="0" branch="True" condition-coverage="0% (0/2)">
              <conditions>
                <condition number="284" type="jump" coverage="0%" />
              </conditions>
            </line>
            <line number="35" hits="0" branch="True" condition-coverage="0% (0/4)">
              <conditions>
                <condition number="337" type="jump" coverage="0%" />
                <condition number="362" type="jump" coverage="0%" />
              </conditions>
            </line>
            <line number="36" hits="0" branch="False" />
            <line number="37" hits="0" branch="False" />
            <line number="38" hits="0" branch="False" />
            <line number="41" hits="0" branch="True" condition-coverage="0% (0/2)">
              <conditions>
                <condition number="443" type="jump" coverage="0%" />
              </conditions>
            </line>
            <line number="42" hits="0" branch="False" />
            <line number="43" hits="0" branch="False" />
            <line number="44" hits="0" branch="False" />
            <line number="45" hits="0" branch="False" />
            <line number="46" hits="0" branch="False" />
            <line number="48" hits="0" branch="False" />
            <line number="52" hits="0" branch="True" condition-coverage="0% (0/2)">
              <conditions>
                <condition number="654" type="jump" coverage="0%" />
              </conditions>
            </line>
            <line number="53" hits="0" branch="True" condition-coverage="0% (0/2)">
              <conditions>
                <condition number="691" type="jump" coverage="0%" />
              </conditions>
            </line>
            <line number="55" hits="0" branch="True" condition-coverage="0% (0/2)">
              <conditions>
                <condition number="728" type="jump" coverage="0%" />
              </conditions>
            </line>
            <line number="56" hits="0" branch="True" condition-coverage="0% (0/2)">
              <conditions>
                <condition number="765" type="jump" coverage="0%" />
              </conditions>
            </line>
            <line number="58" hits="0" branch="False" />
            <line number="59" hits="0" branch="False" />
            <line number="61" hits="0" branch="False" />
            <line number="62" hits="0" branch="False" />
            <line number="63" hits="0" branch="False" />
            <line number="64" hits="0" branch="False" />
            <line number="65" hits="0" branch="False" />
            <line number="66" hits="0" branch="False" />
            <line number="68" hits="0" branch="False" />
            <line number="69" hits="0" branch="True" condition-coverage="0% (0/2)">
              <conditions>
                <condition number="966" type="jump" coverage="0%" />
              </conditions>
            </line>
            <line number="70" hits="0" branch="True" condition-coverage="0% (0/2)">
              <conditions>
                <condition number="1008" type="jump" coverage="0%" />
              </conditions>
            </line>
            <line number="71" hits="0" branch="False" />
            <line number="72" hits="0" branch="False" />
            <line number="73" hits="0" branch="True" condition-coverage="0% (0/2)">
              <conditions>
                <condition number="1086" type="jump" coverage="0%" />
              </conditions>
            </line>
            <line number="74" hits="0" branch="False" />
            <line number="75" hits="0" branch="False" />
            <line number="76" hits="0" branch="False" />
            <line number="77" hits="0" branch="False" />
            <line number="78" hits="0" branch="False" />
            <line number="79" hits="0" branch="False" />
            <line number="82" hits="0" branch="False" />
            <line number="200" hits="0" branch="False" />
            <line number="201" hits="0" branch="False" />
            <line number="202" hits="0" branch="False" />
            <line number="203" hits="0" branch="False" />
            <line number="204" hits="0" branch="False" />
            <line number="205" hits="0" branch="False" />
            <line number="206" hits="0" branch="False" />
            <line number="209" hits="0" branch="True" condition-coverage="0% (0/2)">
              <conditions>
                <condition number="1202" type="jump" coverage="0%" />
              </conditions>
            </line>
            <line number="211" hits="0" branch="False" />
            <line number="213" hits="0" branch="True" condition-coverage="0% (0/2)">
              <conditions>
                <condition number="1221" type="jump" coverage="0%" />
              </conditions>
            </line>
            <line number="215" hits="0" branch="False" />
            <line number="217" hits="0" branch="True" condition-coverage="0% (0/2)">
              <conditions>
                <condition number="1240" type="jump" coverage="0%" />
              </conditions>
            </line>
            <line number="219" hits="0" branch="False" />
            <line number="221" hits="0" branch="True" condition-coverage="0% (0/2)">
              <conditions>
                <condition number="1259" type="jump" coverage="0%" />
              </conditions>
            </line>
            <line number="223" hits="0" branch="False" />
            <line number="225" hits="0" branch="True" condition-coverage="0% (0/2)">
              <conditions>
                <condition number="1278" type="jump" coverage="0%" />
              </conditions>
            </line>
            <line number="227" hits="0" branch="False" />
            <line number="229" hits="0" branch="True" condition-coverage="0% (0/2)">
              <conditions>
                <condition number="1297" type="jump" coverage="0%" />
              </conditions>
            </line>
            <line number="231" hits="0" branch="False" />
            <line number="233" hits="0" branch="True" condition-coverage="0% (0/2)">
              <conditions>
                <condition number="1316" type="jump" coverage="0%" />
              </conditions>
            </line>
            <line number="235" hits="0" branch="False" />
            <line number="237" hits="0" branch="True" condition-coverage="0% (0/2)">
              <conditions>
                <condition number="1335" type="jump" coverage="0%" />
              </conditions>
            </line>
            <line number="239" hits="0" branch="False" />
            <line number="246" hits="0" branch="False" />
            <line number="247" hits="0" branch="True" condition-coverage="0% (0/2)">
              <conditions>
                <condition number="1395" type="jump" coverage="0%" />
              </conditions>
            </line>
            <line number="250" hits="0" branch="True" condition-coverage="0% (0/2)">
              <conditions>
                <condition number="1403" type="jump" coverage="0%" />
              </conditions>
            </line>
            <line number="252" hits="0" branch="False" />
            <line number="254" hits="0" branch="True" condition-coverage="0% (0/2)">
              <conditions>
                <condition number="1426" type="jump" coverage="0%" />
              </conditions>
            </line>
            <line number="256" hits="0" branch="False" />
            <line number="258" hits="0" branch="True" condition-coverage="0% (0/2)">
              <conditions>
                <condition number="1449" type="jump" coverage="0%" />
              </conditions>
            </line>
            <line number="260" hits="0" branch="False" />
            <line number="262" hits="0" branch="True" condition-coverage="0% (0/2)">
              <conditions>
                <condition number="1472" type="jump" coverage="0%" />
              </conditions>
            </line>
            <line number="264" hits="0" branch="False" />
            <line number="266" hits="0" branch="True" condition-coverage="0% (0/2)">
              <conditions>
                <condition number="1495" type="jump" coverage="0%" />
              </conditions>
            </line>
            <line number="268" hits="0" branch="False" />
            <line number="270" hits="0" branch="False" />
            <line number="272" hits="0" branch="False" />
            <line number="273" hits="0" branch="False" />
            <line number="276" hits="0" branch="False" />
            <line number="277" hits="0" branch="False" />
            <line number="279" hits="0" branch="False" />
            <line number="280" hits="0" branch="False" />
            <line number="281" hits="0" branch="False" />
            <line number="282" hits="0" branch="False" />
            <line number="283" hits="0" branch="False" />
            <line number="284" hits="0" branch="False" />
            <line number="285" hits="0" branch="False" />
            <line number="286" hits="0" branch="False" />
            <line number="287" hits="0" branch="False" />
            <line number="288" hits="0" branch="False" />
            <line number="294" hits="0" branch="True" condition-coverage="0% (0/2)">
              <conditions>
                <condition number="11" type="jump" coverage="0%" />
              </conditions>
            </line>
            <line number="296" hits="0" branch="False" />
            <line number="299" hits="0" branch="True" condition-coverage="0% (0/2)">
              <conditions>
                <condition number="43" type="jump" coverage="0%" />
              </conditions>
[...]
                <condition number="906" type="jump" coverage="0%" />
              </conditions>
            </line>
            <line number="145" hits="0" branch="False" />
            <line number="146" hits="0" branch="False" />
            <line number="147" hits="0" branch="False" />
            <line number="150" hits="0" branch="False" />
            <line number="151" hits="0" branch="False" />
            <line number="153" hits="0" branch="True" condition-coverage="0% (0/4)">
              <conditions>
                <condition number="1037" type="jump" coverage="0%" />
                <condition number="1049" type="jump" coverage="0%" />
              </conditions>
            </line>
            <line number="154" hits="0" branch="False" />
            <line number="155" hits="0" branch="False" />
            <line number="158" hits="0" branch="False" />
            <line number="160" hits="0" branch="False" />
            <line number="161" hits="0" branch="False" />
            <line number="163" hits="0" branch="False" />
            <line number="164" hits="0" branch="False" />
            <line number="169" hits="0" branch="True" condition-coverage="0% (0/2)">
              <conditions>
                <condition number="1140" type="jump" coverage="0%" />
              </conditions>
            </line>
            <line number="170" hits="0" branch="False" />
            <line number="171" hits="0" branch="False" />
            <line number="172" hits="0" branch="False" />
            <line number="173" hits="0" branch="False" />
            <line number="175" hits="0" branch="True" condition-coverage="0% (0/2)">
              <conditions>
                <condition number="1199" type="jump" coverage="0%" />
              </conditions>
            </line>
            <line number="176" hits="0" branch="False" />
            <line number="177" hits="0" branch="False" />
            <line number="178" hits="0" branch="False" />
            <line number="179" hits="0" branch="False" />
            <line number="180" hits="0" branch="False" />
            <line number="181" hits="0" branch="False" />
            <line number="182" hits="0" branch="False" />
            <line number="183" hits="0" branch="False" />
            <line number="184" hits="0" branch="True" condition-coverage="0% (0/2)">
              <conditions>
                <condition number="43" type="jump" coverage="0%" />
              </conditions>
            </line>
            <line number="185" hits="0" branch="False" />
            <line number="186" hits="0" branch="True" condition-coverage="0% (0/2)">
              <conditions>
                <condition number="7" type="jump" coverage="0%" />
              </conditions>
            </line>
            <line number="187" hits="0" branch="True" condition-coverage="0% (0/2)">
              <conditions>
                <condition number="30" type="jump" coverage="0%" />
              </conditions>
            </line>
            <line number="188" hits="0" branch="False" />
            <line number="189" hits="0" branch="False" />
            <line number="190" hits="0" branch="False" />
            <line number="191" hits="0" branch="False" />
            <line number="194" hits="0" branch="False" />
            <line number="195" hits="0" branch="True" condition-coverage="0% (0/2)">
              <conditions>
                <condition number="1282" type="jump" coverage="0%" />
              </conditions>
            </line>
            <line number="197" hits="0" branch="False" />
            <line number="200" hits="0" branch="False" />
            <line number="201" hits="0" branch="False" />
            <line number="202" hits="0" branch="False" />
            <line number="204" hits="0" branch="False" />
            <line number="206" hits="0" branch="False" />
            <line number="207" hits="0" branch="False" />
            <line number="209" hits="0" branch="False" />
            <line number="210" hits="0" branch="False" />
            <line number="215" hits="0" branch="False" />
            <line number="217" hits="0" branch="True" condition-coverage="0% (0/2)">
              <conditions>
                <condition number="45" type="jump" coverage="0%" />
              </conditions>
            </line>
            <line number="218" hits="0" branch="False" />
            <line number="219" hits="0" branch="False" />
            <line number="221" hits="0" branch="False" />
            <line number="226" hits="0" branch="False" />
            <line number="229" hits="0" branch="True" condition-coverage="0% (0/2)">
              <conditions>
                <condition number="22" type="jump" coverage="0%" />
              </conditions>
            </line>
            <line number="232" hits="0" branch="False" />
            <line number="235" hits="0" branch="False" />
            <line number="236" hits="0" branch="False" />
            <line number="237" hits="0" branch="False" />
            <line number="238" hits="0" branch="False" />
            <line number="241" hits="0" branch="False" />
          </lines>
        </class>
        <class name="KunstButikken.ServiceDefaults.ResourceBuilderExtensions" filename="KunstButikken.ServiceDefaults/ResourceBuilderExtensions.cs" line-rate="0.3333" branch-rate="0.3461" complexity="26">
          <methods>
            <method name="GetEndpoint" signature="(System.Object,System.String)" line-rate="0" branch-rate="0" complexity="10">
              <lines>
                <line number="16" hits="0" branch="True" condition-coverage="0% (0/2)">
                  <conditions>
                    <condition number="1" type="jump" coverage="0%" />
                  </conditions>
                </line>
                <line number="18" hits="0" branch="False" />
                <line number="23" hits="0" branch="True" condition-coverage="0% (0/2)">
                  <conditions>
                    <condition number="14" type="jump" coverage="0%" />
                  </conditions>
                </line>
                <line number="25" hits="0" branch="True" condition-coverage="0% (0/2)">
                  <conditions>
                    <condition number="24" type="jump" coverage="0%" />
                  </conditions>
                </line>
                <line number="28" hits="0" branch="False" />
                <line number="30" hits="0" branch="False" />
                <line number="31" hits="0" branch="True" condition-coverage="0% (0/2)">
                  <conditions>
                    <condition number="75" type="jump" coverage="0%" />
                  </conditions>
                </line>
                <line number="33" hits="0" branch="False" />
                <line number="36" hits="0" branch="False" />
                <line number="37" hits="0" branch="True" condition-coverage="0% (0/2)">
                  <conditions>
                    <condition number="99" type="jump" coverage="0%" />
                  </conditions>
                </line>
                <line number="39" hits="0" branch="False" />
                <line number="41" hits="0" branch="False" />
                <line number="43" hits="0" branch="False" />
                <line number="45" hits="0" branch="False" />
                <line number="47" hits="0" branch="False" />
              </lines>
            </method>
            <method name="GetEndpointString" signature="(System.Object,System.String)" line-rate="0.6666" branch-rate="0.5625" complexity="16">
              <lines>
                <line number="55" hits="5" branch="True" condition-coverage="100% (2/2)">
                  <conditions>
                    <condition number="1" type="jump" coverage="100%" />
                  </conditions>
                </line>
                <line number="57" hits="1" branch="False" />
                <line number="62" hits="4" branch="True" condition-coverage="100% (2/2)">
                  <conditions>
                    <condition number="18" type="jump" coverage="100%" />
                  </conditions>
                </line>
                <line number="64" hits="1" branch="True" condition-coverage="50% (2/4)">
                  <conditions>
                    <condition number="28" type="jump" coverage="50%" />
                    <condition number="40" type="jump" coverage="50%" />
                  </conditions>
                </line>
                <line number="67" hits="3" branch="False" />
                <line number="68" hits="3" branch="False" />
                <line number="69" hits="3" branch="True" condition-coverage="50% (1/2)">
                  <conditions>
                    <condition number="94" type="jump" coverage="50%" />
                  </conditions>
                </line>
                <line number="71" hits="3" branch="False" />
                <line number="72" hits="3" branch="True" condition-coverage="50% (2/4)">
                  <conditions>
                    <condition number="114" type="jump" coverage="50%" />
                    <condition number="126" type="jump" coverage="50%" />
                  </conditions>
                </line>
                <line number="75" hits="0" branch="True" condition-coverage="0% (0/2)">
                  <conditions>
                    <condition number="145" type="jump" coverage="0%" />
                  </conditions>
                </line>
                <line number="77" hits="0" branch="False" />
                <line number="79" hits="0" branch="False" />
                <line number="81" hits="0" branch="False" />
                <line number="83" hits="0" branch="False" />
                <line number="85" hits="4" branch="False" />
              </lines>
            </method>
          </methods>
          <lines>
            <line number="16" hits="0" branch="True" condition-coverage="0% (0/2)">
              <conditions>
                <condition number="1" type="jump" coverage="0%" />
              </conditions>
            </line>
            <line number="18" hits="0" branch="False" />
            <line number="23" hits="0" branch="True" condition-coverage="0% (0/2)">
              <conditions>
                <condition number="14" type="jump" coverage="0%" />
              </conditions>
            </line>
            <line number="25" hits="0" branch="True" condition-coverage="0% (0/2)">
              <conditions>
                <condition number="24" type="jump" coverage="0%" />
              </conditions>
            </line>
            <line number="28" hits="0" branch="False" />
            <line number="30" hits="0" branch="False" />
            <line number="31" hits="0" branch="True" condition-coverage="0% (0/2)">
              <conditions>
                <condition number="75" type="jump" coverage="0%" />
              </conditions>
            </line>
            <line number="33" hits="0" branch="False" />
            <line number="36" hits="0" branch="False" />
            <line number="37" hits="0" branch="True" condition-coverage="0% (0/2)">
              <conditions>
                <condition number="99" type="jump" coverage="0%" />
              </conditions>
            </line>
            <line number="39" hits="0" branch="False" />
            <line number="41" hits="0" branch="False" />
            <line number="43" hits="0" branch="False" />
            <line number="45" hits="0" branch="False" />
            <line number="47" hits="0" branch="False" />
            <line number="55" hits="5" branch="True" condition-coverage="100% (2/2)">
              <conditions>
                <condition number="1" type="jump" coverage="100%" />
              </conditions>
            </line>
            <line number="57" hits="1" branch="False" />
            <line number="62" hits="4" branch="True" condition-coverage="100% (2/2)">
              <conditions>
                <condition number="18" type="jump" coverage="100%" />
              </conditions>
            </line>
            <line number="64" hits="1" branch="True" condition-coverage="50% (2/4)">
              <conditions>
                <condition number="28" type="jump" coverage="50%" />
                <condition number="40" type="jump" coverage="50%" />
              </conditions>
            </line>
            <line number="67" hits="3" branch="False" />
            <line number="68" hits="3" branch="False" />
            <line number="69" hits="3" branch="True" condition-coverage="50% (1/2)">
              <conditions>
                <condition number="94" type="jump" coverage="50%" />
              </conditions>
            </line>
            <line number="71" hits="3" branch="False" />
            <line number="72" hits="3" branch="True" condition-coverage="50% (2/4)">
              <conditions>
                <condition number="114" type="jump" coverage="50%" />
                <condition number="126" type="jump" coverage="50%" />
              </conditions>
            </line>
            <line number="75" hits="0" branch="True" condition-coverage="0% (0/2)">
              <conditions>
                <condition number="145" type="jump" coverage="0%" />
              </conditions>
            </line>
            <line number="77" hits="0" branch="False" />
            <line number="79" hits="0" branch="False" />
            <line number="81" hits="0" branch="False" />
            <line number="83" hits="0" branch="False" />
            <line number="85" hits="4" branch="False" />
          </lines>
        </class>
        <class name="KunstButikken.ServiceDefaults.SystemDateTimeProvider" filename="KunstButikken.ServiceDefaults/SystemDateTimeProvider.cs" line-rate="0" branch-rate="1" complexity="2">
          <methods>
            <method name="get_UtcNow" signature="()" line-rate="0" branch-rate="1" complexity="1">
              <lines>
                <line number="5" hits="0" branch="False" />
              </lines>
            </method>
            <method name="get_Now" signature="()" line-rate="0" branch-rate="1" complexity="1">
              <lines>
                <line number="6" hits="0" branch="False" />
              </lines>
            </method>
          </methods>
          <lines>
            <line number="5" hits="0" branch="False" />
            <line number="6" hits="0" branch="False" />
          </lines>
        </class>
        <class name="KunstButikken.ServiceDefaults.WaitForHttpExtensions" filename="KunstButikken.ServiceDefaults/WaitForHttpExtensions.cs" line-rate="0" branch-rate="0" complexity="16">
          <methods>
            <method name="WaitForHttp" signature="(TResource,System.String,System.String)" line-rate="0" branch-rate="0" complexity="16">
              <lines>
                <line number="16" hits="0" branch="True" condition-coverage="0% (0/2)">
                  <conditions>
                    <condition number="6" type="jump" coverage="0%" />
                  </conditions>
                </line>
                <line number="18" hits="0" branch="False" />
                <line number="24" hits="0" branch="True" condition-coverage="0% (0/4)">
                  <conditions>
                    <condition number="24" type="jump" coverage="0%" />
                    <condition number="44" type="jump" coverage="0%" />
                  </conditions>
                </line>
                <line number="25" hits="0" branch="False" />
                <line number="26" hits="0" branch="False" />
                <line number="28" hits="0" branch="True" condition-coverage="0% (0/2)">
                  <conditions>
                    <condition number="64" type="jump" coverage="0%" />
                  </conditions>
                </line>
                <line number="31" hits="0" branch="False" />
                <line number="32" hits="0" branch="True" condition-coverage="0% (0/2)">
                  <conditions>
                    <condition number="103" type="jump" coverage="0%" />
                  </conditions>
                </line>
                <line number="33" hits="0" branch="False" />
                <line number="34" hits="0" branch="True" condition-coverage="0% (0/4)">
                  <conditions>
                    <condition number="16" type="jump" coverage="0%" />
                    <condition number="27" type="jump" coverage="0%" />
                  </conditions>
                </line>
                <line number="35" hits="0" branch="False" />
                <line number="37" hits="0" branch="True" condition-coverage="0% (0/2)">
                  <conditions>
                    <condition number="141" type="jump" coverage="0%" />
                  </conditions>
                </line>
                <line number="39" hits="0" branch="False" />
                <line number="40" hits="0" branch="False" />
                <line number="42" hits="0" branch="False" />
                <line number="44" hits="0" branch="False" />
                <line number="45" hits="0" branch="False" />
                <line number="48" hits="0" branch="False" />
                <line number="49" hits="0" branch="False" />
                <line number="52" hits="0" branch="False" />
                <line number="54" hits="0" branch="False" />
              </lines>
            </method>
          </methods>
          <lines>
            <line number="16" hits="0" branch="True" condition-coverage="0% (0/2)">
              <conditions>
                <condition number="6" type="jump" coverage="0%" />
              </conditions>
            </line>
            <line number="18" hits="0" branch="False" />
            <line number="24" hits="0" branch="True" condition-coverage="0% (0/4)">
              <conditions>
                <condition number="24" type="jump" coverage="0%" />
                <condition number="44" type="jump" coverage="0%" />
              </conditions>
            </line>
            <line number="25" hits="0" branch="False" />
            <line number="26" hits="0" branch="False" />
            <line number="28" hits="0" branch="True" condition-coverage="0% (0/2)">
              <conditions>
                <condition number="64" type="jump" coverage="0%" />
              </conditions>
            </line>
            <line number="31" hits="0" branch="False" />
            <line number="32" hits="0" branch="True" condition-coverage="0% (0/2)">
              <conditions>
                <condition number="103" type="jump" coverage="0%" />
              </conditions>
            </line>
            <line number="33" hits="0" branch="False" />
            <line number="34" hits="0" branch="True" condition-coverage="0% (0/4)">
              <conditions>
                <condition number="16" type="jump" coverage="0%" />
                <condition number="27" type="jump" coverage="0%" />
              </conditions>
            </line>
            <line number="35" hits="0" branch="False" />
            <line number="37" hits="0" branch="True" condition-coverage="0% (0/2)">
              <conditions>
                <condition number="141" type="jump" coverage="0%" />
              </conditions>
            </line>
            <line number="39" hits="0" branch="False" />
            <line number="40" hits="0" branch="False" />
            <line number="42" hits="0" branch="False" />
            <line number="44" hits="0" branch="False" />
            <line number="45" hits="0" branch="False" />
            <line number="48" hits="0" branch="False" />
            <line number="49" hits="0" branch="False" />
            <line number="52" hits="0" branch="False" />
            <line number="54" hits="0" branch="False" />
          </lines>
        </class>
      </classes>
    </package>
  </packages>
</coverage>